  Main.cpp
C:\Users\angus\OneDrive\Documents\GitHub\SegmentFault_New\SEP2_Project\SEP2_Project\Main.cpp(46,49): warning C4244: 'argument': conversion from 'f32' to '_Ty', possible loss of data
          with
          [
              _Ty=int
          ]
C:\Users\angus\OneDrive\Documents\GitHub\SegmentFault_New\SEP2_Project\SEP2_Project\Main.cpp(46,41): warning C4244: 'argument': conversion from 'f32' to '_Ty', possible loss of data
          with
          [
              _Ty=int
          ]
C:\Users\angus\OneDrive\Documents\GitHub\SegmentFault_New\SEP2_Project\SEP2_Project\Main.cpp(47,49): warning C4244: 'argument': conversion from 'f32' to '_Ty', possible loss of data
          with
          [
              _Ty=int
          ]
C:\Users\angus\OneDrive\Documents\GitHub\SegmentFault_New\SEP2_Project\SEP2_Project\Main.cpp(47,41): warning C4244: 'argument': conversion from 'f32' to '_Ty', possible loss of data
          with
          [
              _Ty=int
          ]
C:\Users\angus\OneDrive\Documents\GitHub\SegmentFault_New\SEP2_Project\SEP2_Project\Main.cpp(109,20): warning C4244: 'initializing': conversion from 'double' to 'float', possible loss of data
C:\Users\angus\OneDrive\Documents\GitHub\SegmentFault_New\SEP2_Project\SEP2_Project\Main.cpp(175,20): warning C4305: '-=': truncation from 'double' to 'f32'
  SEP2_Project.vcxproj -> C:\Users\angus\OneDrive\Documents\GitHub\SegmentFault_New\SEP2_Project\bin\Debug-x64\SEP2_Project.exe
  9 File(s) copied
  1 File(s) copied
  1 File(s) copied
